This is pdfTeX, Version 3.14159265-2.6-1.40.19 (TeX Live 2018) (preloaded format=pdflatex 2018.4.16)  25 MAR 2021 13:17
entering extended mode
 restricted \write18 enabled.
 file:line:error style messages enabled.
 %&-line parsing enabled.
**exercise3.tex
(./exercise3.tex
LaTeX2e <2018-04-01> patch level 2
Babel <3.18> and hyphenation patterns for 84 language(s) loaded.

./exercise3.tex:1: LaTeX Error: Missing \begin{document}.

See the LaTeX manual or LaTeX Companion for explanation.
Type  H <return>  for immediate help.
 ...                                              
                                                  
l.1 a
     . $~$($\lambda$ x. ($\lambda$ z . z y) x )($\lambda$ x . x) =  /* $\bet...

? 
./exercise3.tex:1: Emergency stop.
 ...                                              
                                                  
l.1 a
     . $~$($\lambda$ x. ($\lambda$ z . z y) x )($\lambda$ x . x) =  /* $\bet...

You're in trouble here.  Try typing  <return>  to proceed.
If that doesn't work, type  X <return>  to quit.

 
Here is how much of TeX's memory you used:
 6 strings out of 492649
 268 string characters out of 6129622
 56655 words of memory out of 5000000
 3988 multiletter control sequences out of 15000+600000
 3640 words of font info for 14 fonts, out of 8000000 for 9000
 1141 hyphenation exceptions out of 8191
 5i,0n,4p,106b,14s stack positions out of 5000i,500n,10000p,200000b,80000s
./exercise3.tex:1:  ==> Fatal error occurred, no output PDF file produced!
